<?xml version="1.0" encoding="UTF-8"?>
<!-- Generated by org.testng.reporters.JUnitReportReporter -->
<testsuite hostname="user-PC" name="com.assignment52.TestNGSuiteTest.Test1" tests="1" failures="0" timestamp="17 Jul 2014 10:46:56 GMT" time="0.014" errors="0">
  <testcase name="testPrint1Message" time="0.014" classname="com.assignment52.TestNGSuiteTest.Test1"/>
</testsuite> <!-- com.assignment52.TestNGSuiteTest.Test1 -->
